<?xml version="1.0" encoding="UTF-8"?>
<coverage generated="1685109152726" clover="3.2.0">
  <project timestamp="1685109152726" name="All files">
    <metrics statements="25" coveredstatements="25" conditionals="6" coveredconditionals="5" methods="8" coveredmethods="8" elements="39" coveredelements="38" complexity="0" loc="25" ncloc="25" packages="1" files="2" classes="2"/>
    <file name="1-linear-algorithms.js" path="/Users/kirillshnyak/Documents/Basic-syntax/src/1-linear-algorithms.js">
      <metrics statements="16" coveredstatements="16" conditionals="0" coveredconditionals="0" methods="5" coveredmethods="5"/>
      <line num="2" count="1" type="stmt"/>
      <line num="3" count="1" type="stmt"/>
      <line num="4" count="1" type="stmt"/>
      <line num="5" count="1" type="stmt"/>
      <line num="6" count="1" type="stmt"/>
      <line num="7" count="1" type="stmt"/>
      <line num="8" count="1" type="stmt"/>
      <line num="12" count="1" type="stmt"/>
      <line num="13" count="1" type="stmt"/>
      <line num="14" count="1" type="stmt"/>
      <line num="15" count="1" type="stmt"/>
      <line num="16" count="1" type="stmt"/>
      <line num="20" count="1" type="stmt"/>
      <line num="22" count="1" type="stmt"/>
      <line num="25" count="3" type="stmt"/>
      <line num="26" count="3" type="stmt"/>
    </file>
    <file name="2-conditions.js" path="/Users/kirillshnyak/Documents/Basic-syntax/src/2-conditions.js">
      <metrics statements="9" coveredstatements="9" conditionals="6" coveredconditionals="5" methods="3" coveredmethods="3"/>
      <line num="2" count="2" type="cond" truecount="1" falsecount="1"/>
      <line num="6" count="4" type="stmt"/>
      <line num="7" count="4" type="stmt"/>
      <line num="22" count="4" type="stmt"/>
      <line num="23" count="24" type="cond" truecount="2" falsecount="0"/>
      <line num="24" count="4" type="stmt"/>
      <line num="30" count="2" type="stmt"/>
      <line num="31" count="2" type="stmt"/>
      <line num="32" count="2" type="cond" truecount="2" falsecount="0"/>
    </file>
  </project>
</coverage>
