{"/Users/kirillshnyak/Documents/Basic-syntax/src/1-linear-algorithms.js": {"path":"/Users/kirillshnyak/Documents/Basic-syntax/src/1-linear-algorithms.js","statementMap":{"0":{"start":{"line":2,"column":13},"end":{"line":2,"column":48}},"1":{"start":{"line":3,"column":2},"end":{"line":3,"column":26}},"2":{"start":{"line":4,"column":12},"end":{"line":4,"column":27}},"3":{"start":{"line":5,"column":12},"end":{"line":5,"column":27}},"4":{"start":{"line":6,"column":14},"end":{"line":6,"column":19}},"5":{"start":{"line":7,"column":15},"end":{"line":7,"column":20}},"6":{"start":{"line":8,"column":2},"end":{"line":8,"column":34}},"7":{"start":{"line":12,"column":14},"end":{"line":12,"column":41}},"8":{"start":{"line":13,"column":2},"end":{"line":13,"column":27}},"9":{"start":{"line":14,"column":12},"end":{"line":14,"column":20}},"10":{"start":{"line":15,"column":12},"end":{"line":15,"column":20}},"11":{"start":{"line":16,"column":2},"end":{"line":16,"column":36}},"12":{"start":{"line":20,"column":14},"end":{"line":20,"column":52}},"13":{"start":{"line":22,"column":2},"end":{"line":27,"column":4}},"14":{"start":{"line":25,"column":22},"end":{"line":25,"column":35}},"15":{"start":{"line":26,"column":32},"end":{"line":26,"column":45}}},"fnMap":{"0":{"name":"sumMult","decl":{"start":{"line":1,"column":16},"end":{"line":1,"column":23}},"loc":{"start":{"line":1,"column":26},"end":{"line":9,"column":1}},"line":1},"1":{"name":"characters","decl":{"start":{"line":11,"column":16},"end":{"line":11,"column":26}},"loc":{"start":{"line":11,"column":29},"end":{"line":17,"column":1}},"line":11},"2":{"name":"digitSum","decl":{"start":{"line":19,"column":16},"end":{"line":19,"column":24}},"loc":{"start":{"line":19,"column":27},"end":{"line":29,"column":1}},"line":19},"3":{"name":"(anonymous_3)","decl":{"start":{"line":25,"column":11},"end":{"line":25,"column":12}},"loc":{"start":{"line":25,"column":22},"end":{"line":25,"column":35}},"line":25},"4":{"name":"(anonymous_4)","decl":{"start":{"line":26,"column":14},"end":{"line":26,"column":15}},"loc":{"start":{"line":26,"column":32},"end":{"line":26,"column":45}},"line":26}},"branchMap":{},"s":{"0":1,"1":1,"2":1,"3":1,"4":1,"5":1,"6":1,"7":1,"8":1,"9":1,"10":1,"11":1,"12":1,"13":1,"14":3,"15":3},"f":{"0":1,"1":1,"2":1,"3":3,"4":3},"b":{},"_coverageSchema":"1a1c01bbd47fc00a2c39e90264f33305004495a9","hash":"8b7f75e8b8359ad82e08299df808d5984756f230"}
}
