TN:
SF:src/1-linear-algorithms.js
FN:1,sumMult
FN:11,characters
FN:19,digitSum
FN:25,(anonymous_3)
FN:26,(anonymous_4)
FNF:5
FNH:5
FNDA:1,sumMult
FNDA:1,characters
FNDA:1,digitSum
FNDA:3,(anonymous_3)
FNDA:3,(anonymous_4)
DA:2,1
DA:3,1
DA:4,1
DA:5,1
DA:6,1
DA:7,1
DA:8,1
DA:12,1
DA:13,1
DA:14,1
DA:15,1
DA:16,1
DA:20,1
DA:22,1
DA:25,3
DA:26,3
LF:16
LH:16
BRF:0
BRH:0
end_of_record
TN:
SF:src/2-conditions.js
FN:1,largestNum
FN:5,whatIsMonth
FN:29,circleInSquare
FNF:3
FNH:3
FNDA:2,largestNum
FNDA:4,whatIsMonth
FNDA:2,circleInSquare
DA:2,2
DA:6,4
DA:7,4
DA:22,4
DA:23,24
DA:24,4
DA:30,2
DA:31,2
DA:32,2
LF:9
LH:9
BRDA:2,0,0,0
BRDA:2,0,1,2
BRDA:23,1,0,4
BRDA:23,1,1,20
BRDA:32,2,0,1
BRDA:32,2,1,1
BRF:6
BRH:5
end_of_record
